                          _            +--------------------------------------+
                        ,:'/   _..._   |  I do not know where to find in any  |
                       // ( `""-.._.'  |    literature, whether ancient or    |
                       \| /    6\___  /|               modern,                |
                       |     6      4  | any adequate account of that nature  |
                       |            /  |     with which I am acquainted.      |
                       \_       .--'   |              Mythology               |
                       (_'---'`)       |     comes nearest to it of any.      |
                       / `'---`()      |        -- Henry David Thoreau        |
                     ,'        |       +--------------------------------------+
     ,            .'`          |                                               
     )\       _.-'             ;                                               
    / |    .'`   _            /                                                
  /` /   .'       '.        , |                                                
 /  /   /           \   ;   | |                                                
|  \  |            |  .|   | |                                                 
  \  `"|           /.-' |   | |                                                
   '-..-\       _.;.._  |   |.;-.                                              
         \    <`.._  )) |  .;-. ))                                             
         (__.  `  ))-'  \_    ))'                                              
             `'--"`       `"""`                                                