                          _            +--------------------------------------+
                        ,:'/   _..._   |  A man sank into the psychiatrist's  |
                       // ( `""-.._.'  |      couch and said, "I have a       |
                       \| /    6\___  /|  terrible problem, Doctor. I have a  |
                       |     6      4  |  son at Harvard and another son at   |
                       |            /  | Princeton; I've just gifted each of  |
                       \_       .--'   |  them with a new Ferrari; I've got   |
                       (_'---'`)       | homes in Beverly Hills, Palm Beach,  |
                       / `'---`()      |  and a co-op in New York; and I've   |
                     ,'        |       |  got a thriving ranch in Venezuela.  |
     ,            .'`          |       | My wife is a gorgeous young actress  |
     )\       _.-'             ;       |  who considers my two mistresses to  |
    / |    .'`   _            /        |        be her best friends."         |
  /` /   .'       '.        , |        |    The psychiatrist looked at the    |
 /  /   /           \   ;   | |        |    patient, confused. "Did I miss    |
|  \  |            |  .|   | |         | something? It sounds to me like you  |
  \  `"|           /.-' |   | |        |      have no problems at all."       |
   '-..-\       _.;.._  |   |.;-.      |   "But, Doctor, I only make $175 a   |
         \    <`.._  )) |  .;-. ))     |                week."                |
         (__.  `  ))-'  \_    ))'      +--------------------------------------+
             `'--"`       `"""`                                                