                          _            +--------------------------------------+
                        ,:'/   _..._   |   Someone did a study of the three   |
                       // ( `""-.._.'  | most-often-heard phrases in New York |
                       \| /    6\___  /|  City. One is "Hey, taxi." Two is,   |
                       |     6      4  |   "What train do I take to get to    |
                       |            /  |    Bloomingdale's?" And three is,    |
                       \_       .--'   |   "Don't worry. It's just a flesh    |
                       (_'---'`)       |               wound."                |
                       / `'---`()      |          -- David Letterman          |
                     ,'        |       +--------------------------------------+
     ,            .'`          |                                               
     )\       _.-'             ;                                               
    / |    .'`   _            /                                                
  /` /   .'       '.        , |                                                
 /  /   /           \   ;   | |                                                
|  \  |            |  .|   | |                                                 
  \  `"|           /.-' |   | |                                                
   '-..-\       _.;.._  |   |.;-.                                              
         \    <`.._  )) |  .;-. ))                                             
         (__.  `  ))-'  \_    ))'                                              
             `'--"`       `"""`                                                