                          _            +--------------------------------------+
                        ,:'/   _..._   |  Sing hey! for the bath at close of  |
                       // ( `""-.._.'  |                 day                  |
                       \| /    6\___  /|   That washes the weary mud away!    |
                       |     6      4  |   A loon is he that will not sing:   |
                       |            /  |    O! Water Hot is a noble thing!    |
                       \_       .--'   |                                      |
                       (_'---'`)       |   O! Sweet is the sound of falling   |
                       / `'---`()      |                rain,                 |
                     ,'        |       |  and the brook that leaps from hill  |
     ,            .'`          |       |              to plain;               |
     )\       _.-'             ;       |   but better than rain or rippling   |
    / |    .'`   _            /        |               streams                |
  /` /   .'       '.        , |        |     is Water Hot that smokes and     |
 /  /   /           \   ;   | |        |               steams.                |
|  \  |            |  .|   | |         |                                      |
  \  `"|           /.-' |   | |        |  O! Water cold we may pour at need   |
   '-..-\       _.;.._  |   |.;-.      |  down a thirsty throat and be glad   |
         \    <`.._  )) |  .;-. ))     |               indeed;                |
         (__.  `  ))-'  \_    ))'      |   but better is Beer, if drink we    |
             `'--"`       `"""`        |                lack,                 |
                                       | and Water Hot poured down the back.  |
                                       |                                      |
                                       | O! Water is fair that leaps on high  |
                                       |   in a fountain white beneath the    |
                                       |                 sky;                 |
                                       |   but never did fountain sound so    |
                                       |                sweet                 |
                                       |    as splashing Hot Water with my    |
                                       |                feet!                 |
                                       |         -- J. R. R. Tolkien          |
                                       +--------------------------------------+