                          _            +--------------------------------------+
                        ,:'/   _..._   | If we could sell our experiences for |
                       // ( `""-.._.'  |     what they cost us, we would      |
                       \| /    6\___  /|         all be millionaires.         |
                       |     6      4  |         -- Abigail Van Buren         |
                       |            /  +--------------------------------------+
                       \_       .--'                                           
                       (_'---'`)                                               
                       / `'---`()                                              
                     ,'        |                                               
     ,            .'`          |                                               
     )\       _.-'             ;                                               
    / |    .'`   _            /                                                
  /` /   .'       '.        , |                                                
 /  /   /           \   ;   | |                                                
|  \  |            |  .|   | |                                                 
  \  `"|           /.-' |   | |                                                
   '-..-\       _.;.._  |   |.;-.                                              
         \    <`.._  )) |  .;-. ))                                             
         (__.  `  ))-'  \_    ))'                                              
             `'--"`       `"""`                                                