                          _            +--------------------------------------+
                        ,:'/   _..._   | Every one says that politicians lie  |
                       // ( `""-.._.'  |  all the time, and that just isn't   |
                       \| /    6\___  /|                 so!                  |
                       |     6      4  |  But you do have to understand body  |
                       |            /  | language to know when they're lying  |
                       \_       .--'   |                 and                  |
                       (_'---'`)       |          when they aren't.           |
                       / `'---`()      |                                      |
                     ,'        |       | When a politician rubs his nose, he  |
     ,            .'`          |       |             isn't lying.             |
     )\       _.-'             ;       |  When a politician tugs on his ear,  |
    / |    .'`   _            /        |           he isn't lying.            |
  /` /   .'       '.        , |        |   When a politician scratches his    |
 /  /   /           \   ;   | |        |     collar bone, he isn't lying.     |
|  \  |            |  .|   | |         |    When his mouth starts moving,     |
  \  `"|           /.-' |   | |        |       that's when he's lying!        |
   '-..-\       _.;.._  |   |.;-.      +--------------------------------------+
         \    <`.._  )) |  .;-. ))                                             
         (__.  `  ))-'  \_    ))'                                              
             `'--"`       `"""`                                                