                          _            +--------------------------------------+
                        ,:'/   _..._   | As I was walking down the street one |
                       // ( `""-.._.'  |         dark and dreary day,         |
                       \| /    6\___  /| I came upon a billboard and much to  |
                       |     6      4  |              my dismay,              |
                       |            /  |  The words were torn and tattered,   |
                       \_       .--'   |   From the storm the night before,   |
                       (_'---'`)       | The wind and rain had done its work  |
                       / `'---`()      |       and this is how it goes,       |
                     ,'        |       |                                      |
     ,            .'`          |       |   Smoke Coca-Cola cigarettes, chew   |
     )\       _.-'             ;       |       Wrigleys Spearmint beer,       |
    / |    .'`   _            /        |   Ken-L-Ration dog food makes your   |
  /` /   .'       '.        , |        |          complexion clear,           |
 /  /   /           \   ;   | |        |   Simonize your baby in a Hershey    |
|  \  |            |  .|   | |         |              candy bar,              |
  \  `"|           /.-' |   | |        |  And Texaco's a beauty cream that's  |
   '-..-\       _.;.._  |   |.;-.      |         used by every star.          |
         \    <`.._  )) |  .;-. ))     |                                      |
         (__.  `  ))-'  \_    ))'      |  Take your next vacation in a brand  |
             `'--"`       `"""`        |           new Frigedaire,            |
                                       |   Learn to play the piano in your    |
                                       |          winter underwear,           |
                                       | Doctors say that babies should smoke |
                                       |         until they're three,         |
                                       |  And people over sixty-five should   |
                                       |         bathe in Lipton tea.         |
                                       +--------------------------------------+