                          _            +--------------------------------------+
                        ,:'/   _..._   |  A sine curve goes off to infinity,  |
                       // ( `""-.._.'  |      or at least the end of the      |
                       \| /    6\___  /|             blackboard.              |
                       |     6      4  |           -- Prof. Steiner           |
                       |            /  +--------------------------------------+
                       \_       .--'                                           
                       (_'---'`)                                               
                       / `'---`()                                              
                     ,'        |                                               
     ,            .'`          |                                               
     )\       _.-'             ;                                               
    / |    .'`   _            /                                                
  /` /   .'       '.        , |                                                
 /  /   /           \   ;   | |                                                
|  \  |            |  .|   | |                                                 
  \  `"|           /.-' |   | |                                                
   '-..-\       _.;.._  |   |.;-.                                              
         \    <`.._  )) |  .;-. ))                                             
         (__.  `  ))-'  \_    ))'                                              
             `'--"`       `"""`                                                