                          _            +--------------------------------------+
                        ,:'/   _..._   |         Ehrman's Commentary:         |
                       // ( `""-.._.'  |   (1) Things will get worse before   |
                       \| /    6\___  /|           they get better.           |
                       |     6      4  |    (2) Who said things would get     |
                       |            /  |               better?                |
                       \_       .--'   +--------------------------------------+
                       (_'---'`)                                               
                       / `'---`()                                              
                     ,'        |                                               
     ,            .'`          |                                               
     )\       _.-'             ;                                               
    / |    .'`   _            /                                                
  /` /   .'       '.        , |                                                
 /  /   /           \   ;   | |                                                
|  \  |            |  .|   | |                                                 
  \  `"|           /.-' |   | |                                                
   '-..-\       _.;.._  |   |.;-.                                              
         \    <`.._  )) |  .;-. ))                                             
         (__.  `  ))-'  \_    ))'                                              
             `'--"`       `"""`                                                