                          _            +--------------------------------------+
                        ,:'/   _..._   |   There are many people today who    |
                       // ( `""-.._.'  |    literally do not have a close     |
                       \| /    6\___  /|               personal               |
                       |     6      4  | friend. They may know something that |
                       |            /  |     we don't. They are probably      |
                       \_       .--'   |    avoiding a great deal of pain.    |
                       (_'---'`)       +--------------------------------------+
                       / `'---`()                                              
                     ,'        |                                               
     ,            .'`          |                                               
     )\       _.-'             ;                                               
    / |    .'`   _            /                                                
  /` /   .'       '.        , |                                                
 /  /   /           \   ;   | |                                                
|  \  |            |  .|   | |                                                 
  \  `"|           /.-' |   | |                                                
   '-..-\       _.;.._  |   |.;-.                                              
         \    <`.._  )) |  .;-. ))                                             
         (__.  `  ))-'  \_    ))'                                              
             `'--"`       `"""`                                                