                          _            +--------------------------------------+
                        ,:'/   _..._   |     A selection from the Taoist      |
                       // ( `""-.._.'  |              Writings:               |
                       \| /    6\___  /|                                      |
                       |     6      4  |  "Lao-Tan asked Confucius: `What do  |
                       |            /  |     you mean by benevolence and      |
                       \_       .--'   |           righteousness?'            |
                       (_'---'`)       |   Confucius said: `To be in one's    |
                       / `'---`()      | inmost heart in kindly sympathy with |
                     ,'        |       |                 all                  |
     ,            .'`          |       |  things; to love all men and allow   |
     )\       _.-'             ;       |   no selfish thoughts: this is the   |
    / |    .'`   _            /        |                nature                |
  /` /   .'       '.        , |        | of benevolence and righteousness.'"  |
 /  /   /           \   ;   | |        |             -- Kwang-tzu             |
|  \  |            |  .|   | |         +--------------------------------------+
  \  `"|           /.-' |   | |                                                
   '-..-\       _.;.._  |   |.;-.                                              
         \    <`.._  )) |  .;-. ))                                             
         (__.  `  ))-'  \_    ))'                                              
             `'--"`       `"""`                                                