                          _            +--------------------------------------+
                        ,:'/   _..._   |  Stop! Whoever crosseth the bridge   |
                       // ( `""-.._.'  |     of Death, must answer first      |
                       \| /    6\___  /| these questions three, ere the other |
                       |     6      4  |             side he see!             |
                       |            /  |                                      |
                       \_       .--'   |         "What is your name?"         |
                       (_'---'`)       |         "Sir Brian of Bell."         |
                       / `'---`()      |        "What is your quest?"         |
                     ,'        |       |       "I seek the Holy Grail."       |
     ,            .'`          |       |   "What are four lowercase letters   |
     )\       _.-'             ;       |  that are not legal flag arguments   |
    / |    .'`   _            /        |   to the Berkeley UNIX version of    |
  /` /   .'       '.        , |        |                `ls'?"                |
 /  /   /           \   ;   | |        |       "I, er.... AIIIEEEEEE!"        |
|  \  |            |  .|   | |         +--------------------------------------+
  \  `"|           /.-' |   | |                                                
   '-..-\       _.;.._  |   |.;-.                                              
         \    <`.._  )) |  .;-. ))                                             
         (__.  `  ))-'  \_    ))'                                              
             `'--"`       `"""`                                                