                          _            +--------------------------------------+
                        ,:'/   _..._   | I have already given two cousins to  |
                       // ( `""-.._.'  |     the war and I stand ready to     |
                       \| /    6\___  /|              sacrifice               |
                       |     6      4  |          my wife's brother.          |
                       |            /  |           -- Artemus Ward            |
                       \_       .--'   +--------------------------------------+
                       (_'---'`)                                               
                       / `'---`()                                              
                     ,'        |                                               
     ,            .'`          |                                               
     )\       _.-'             ;                                               
    / |    .'`   _            /                                                
  /` /   .'       '.        , |                                                
 /  /   /           \   ;   | |                                                
|  \  |            |  .|   | |                                                 
  \  `"|           /.-' |   | |                                                
   '-..-\       _.;.._  |   |.;-.                                              
         \    <`.._  )) |  .;-. ))                                             
         (__.  `  ))-'  \_    ))'                                              
             `'--"`       `"""`                                                