                          _            +--------------------------------------+
                        ,:'/   _..._   |  **** GROWTH CENTER REPAIR SERVICE   |
                       // ( `""-.._.'  |                                      |
                       \| /    6\___  /|  For those who have had too much of  |
                       |     6      4  |  Esalen, Topanga, and Kairos. Tired  |
                       |            /  |                  of                  |
                       \_       .--'   |  being genuine all the time? Would   |
                       (_'---'`)       | you like to learn how to be a little |
                       / `'---`()      |  phony again? Have you disclosed so  |
                     ,'        |       | much that you're beginning to avoid  |
     ,            .'`          |       |   people? Have you touched so many   |
     )\       _.-'             ;       | people that they're all beginning to |
    / |    .'`   _            /        |  feel the same? Like to be a little  |
  /` /   .'       '.        , |        |    dependent? Are perfect orgasms    |
 /  /   /           \   ;   | |        |   beginning to bore you? Would you   |
|  \  |            |  .|   | |         |   like, for once, not to express a   |
  \  `"|           /.-' |   | |        |  feeling? Or better yet, not be in   |
   '-..-\       _.;.._  |   |.;-.      | touch with it at all? Come to us. We |
         \    <`.._  )) |  .;-. ))     | promise to relieve you of the burden |
         (__.  `  ))-'  \_    ))'      |       of your great potential.       |
             `'--"`       `"""`        +--------------------------------------+