                          _            +--------------------------------------+
                        ,:'/   _..._   |             Mac Airways:             |
                       // ( `""-.._.'  | The cashiers, flight attendants and  |
                       \| /    6\___  /|  pilots all look the same, feel the  |
                       |     6      4  |                 same                 |
                       |            /  |     and act the same. When asked     |
                       \_       .--'   |   questions about the flight, they   |
                       (_'---'`)       |            reply that you            |
                       / `'---`()      |  don't want to know, don't need to   |
                     ,'        |       | know and would you please return to  |
     ,            .'`          |       |                 your                 |
     )\       _.-'             ;       |      seat and watch the movie.       |
    / |    .'`   _            /        +--------------------------------------+
  /` /   .'       '.        , |                                                
 /  /   /           \   ;   | |                                                
|  \  |            |  .|   | |                                                 
  \  `"|           /.-' |   | |                                                
   '-..-\       _.;.._  |   |.;-.                                              
         \    <`.._  )) |  .;-. ))                                             
         (__.  `  ))-'  \_    ))'                                              
             `'--"`       `"""`                                                