                          _            +--------------------------------------+
                        ,:'/   _..._   |   In Hollywood, all marriages are    |
                       // ( `""-.._.'  | happy. It's trying to live together  |
                       \| /    6\___  /| afterwards that causes the problems. |
                       |     6      4  |          -- Shelley Winters          |
                       |            /  +--------------------------------------+
                       \_       .--'                                           
                       (_'---'`)                                               
                       / `'---`()                                              
                     ,'        |                                               
     ,            .'`          |                                               
     )\       _.-'             ;                                               
    / |    .'`   _            /                                                
  /` /   .'       '.        , |                                                
 /  /   /           \   ;   | |                                                
|  \  |            |  .|   | |                                                 
  \  `"|           /.-' |   | |                                                
   '-..-\       _.;.._  |   |.;-.                                              
         \    <`.._  )) |  .;-. ))                                             
         (__.  `  ))-'  \_    ))'                                              
             `'--"`       `"""`                                                