                          _            +--------------------------------------+
                        ,:'/   _..._   |   Once he had one leg in the White   |
                       // ( `""-.._.'  | House and the nation trembled under  |
                       \| /    6\___  /|                 his                  |
                       |     6      4  |  roars. Now he is a tinpot pope in   |
                       |            /  | the Coca-Cola belt and a brother to  |
                       \_       .--'   |                 the                  |
                       (_'---'`)       | forlorn pastors who belabor halfwits |
                       / `'---`()      |    in galvanized iron tabernacles    |
                     ,'        |       |                behind                |
     ,            .'`          |       |         the railroad yards."         |
     )\       _.-'             ;       |     -- H.L. Mencken, writing of      |
    / |    .'`   _            /        |       William Jennings Bryan,        |
  /` /   .'       '.        , |        |    counsel for the supporters of     |
 /  /   /           \   ;   | |        |      Tennessee's anti-evolution      |
|  \  |            |  .|   | |         |   law at the Scopes "Monkey Trial"   |
  \  `"|           /.-' |   | |        |               in 1925.               |
   '-..-\       _.;.._  |   |.;-.      +--------------------------------------+
         \    <`.._  )) |  .;-. ))                                             
         (__.  `  ))-'  \_    ))'                                              
             `'--"`       `"""`                                                