                          _            +--------------------------------------+
                        ,:'/   _..._   |   Tell me why the stars do shine,    |
                       // ( `""-.._.'  |     Tell me why the ivy twines,      |
                       \| /    6\___  /|    Tell me why the sky's so blue,    |
                       |     6      4  | And I will tell you just why I love  |
                       |            /  |                 you.                 |
                       \_       .--'   |                                      |
                       (_'---'`)       |    Nuclear fusion makes stars to     |
                       / `'---`()      |                shine,                |
                     ,'        |       |    Phototropism makes ivy twine,     |
     ,            .'`          |       |   Rayleigh scattering makes sky so   |
     )\       _.-'             ;       |                blue,                 |
    / |    .'`   _            /        | Sexual hormones are why I love you.  |
  /` /   .'       '.        , |        +--------------------------------------+
 /  /   /           \   ;   | |                                                
|  \  |            |  .|   | |                                                 
  \  `"|           /.-' |   | |                                                
   '-..-\       _.;.._  |   |.;-.                                              
         \    <`.._  )) |  .;-. ))                                             
         (__.  `  ))-'  \_    ))'                                              
             `'--"`       `"""`                                                