                          _            +--------------------------------------+
                        ,:'/   _..._   |  Half a bee, philosophically, must   |
                       // ( `""-.._.'  |       ipso facto half not be.        |
                       \| /    6\___  /|   But half the bee has got to be,    |
                       |     6      4  |      vis-a-vis its entity. See?      |
                       |            /  |  But can a bee be said to be or not  |
                       \_       .--'   |         to be an entire bee,         |
                       (_'---'`)       | When half the bee is not a bee, due  |
                       / `'---`()      |       to some ancient injury?        |
                     ,'        |       +--------------------------------------+
     ,            .'`          |                                               
     )\       _.-'             ;                                               
    / |    .'`   _            /                                                
  /` /   .'       '.        , |                                                
 /  /   /           \   ;   | |                                                
|  \  |            |  .|   | |                                                 
  \  `"|           /.-' |   | |                                                
   '-..-\       _.;.._  |   |.;-.                                              
         \    <`.._  )) |  .;-. ))                                             
         (__.  `  ))-'  \_    ))'                                              
             `'--"`       `"""`                                                