                          _            +--------------------------------------+
                        ,:'/   _..._   |  Of course it's possible to love a   |
                       // ( `""-.._.'  |  human being if you don't know them  |
                       \| /    6\___  /|              too well.               |
                       |     6      4  |         -- Charles Bukowski          |
                       |            /  +--------------------------------------+
                       \_       .--'                                           
                       (_'---'`)                                               
                       / `'---`()                                              
                     ,'        |                                               
     ,            .'`          |                                               
     )\       _.-'             ;                                               
    / |    .'`   _            /                                                
  /` /   .'       '.        , |                                                
 /  /   /           \   ;   | |                                                
|  \  |            |  .|   | |                                                 
  \  `"|           /.-' |   | |                                                
   '-..-\       _.;.._  |   |.;-.                                              
         \    <`.._  )) |  .;-. ))                                             
         (__.  `  ))-'  \_    ))'                                              
             `'--"`       `"""`                                                