                          _            +--------------------------------------+
                        ,:'/   _..._   |    If you permit yourself to read    |
                       // ( `""-.._.'  |  meanings into (rather than drawing  |
                       \| /    6\___  /|             meanings out             |
                       |     6      4  |  of) the evidence, you can draw any  |
                       |            /  |         conclusion you like.         |
                       \_       .--'   |   -- Michael Keith, "The Bar-Code    |
                       (_'---'`)       |  Beast", The Skeptical Enquirer Vol  |
                       / `'---`()      |            12 No 4 p 416             |
                     ,'        |       +--------------------------------------+
     ,            .'`          |                                               
     )\       _.-'             ;                                               
    / |    .'`   _            /                                                
  /` /   .'       '.        , |                                                
 /  /   /           \   ;   | |                                                
|  \  |            |  .|   | |                                                 
  \  `"|           /.-' |   | |                                                
   '-..-\       _.;.._  |   |.;-.                                              
         \    <`.._  )) |  .;-. ))                                             
         (__.  `  ))-'  \_    ))'                                              
             `'--"`       `"""`                                                