                          _            +--------------------------------------+
                        ,:'/   _..._   |  Any man can work when every stroke  |
                       // ( `""-.._.'  |  of his hand brings down the fruit   |
                       \| /    6\___  /|    rattling from the tree to the     |
                       |     6      4  |  ground; but to labor in season and  |
                       |            /  |                out of                |
                       \_       .--'   | season, under every discouragement,  |
                       (_'---'`)       |    by the power of truth -- that     |
                       / `'---`()      |     requires a heroism which is      |
                     ,'        |       |            transcendent.             |
     ,            .'`          |       |        -- Henry Ward Beecher         |
     )\       _.-'             ;       +--------------------------------------+
    / |    .'`   _            /                                                
  /` /   .'       '.        , |                                                
 /  /   /           \   ;   | |                                                
|  \  |            |  .|   | |                                                 
  \  `"|           /.-' |   | |                                                
   '-..-\       _.;.._  |   |.;-.                                              
         \    <`.._  )) |  .;-. ))                                             
         (__.  `  ))-'  \_    ))'                                              
             `'--"`       `"""`                                                