                          _            +--------------------------------------+
                        ,:'/   _..._   | I want EARS! I want two ROUND BLACK  |
                       // ( `""-.._.'  |     EARS to make me feel warm 'n     |
                       \| /    6\___  /|               secure!!               |
                       |     6      4  +--------------------------------------+
                       |            /                                          
                       \_       .--'                                           
                       (_'---'`)                                               
                       / `'---`()                                              
                     ,'        |                                               
     ,            .'`          |                                               
     )\       _.-'             ;                                               
    / |    .'`   _            /                                                
  /` /   .'       '.        , |                                                
 /  /   /           \   ;   | |                                                
|  \  |            |  .|   | |                                                 
  \  `"|           /.-' |   | |                                                
   '-..-\       _.;.._  |   |.;-.                                              
         \    <`.._  )) |  .;-. ))                                             
         (__.  `  ))-'  \_    ))'                                              
             `'--"`       `"""`                                                