                          _            +--------------------------------------+
                        ,:'/   _..._   | "Computer literacy is a contact with |
                       // ( `""-.._.'  |    the activity of computing deep    |
                       \| /    6\___  /|              enough to               |
                       |     6      4  | make the computational equivalent of |
                       |            /  |    reading and writing fluent and    |
                       \_       .--'   |              enjoyable.              |
                       (_'---'`)       |  As in all the arts, a romance with  |
                       / `'---`()      | the material must be well under way. |
                     ,'        |       |                  If                  |
     ,            .'`          |       |  we value the lifelong learning of   |
     )\       _.-'             ;       |  arts and letters as a springboard   |
    / |    .'`   _            /        |                 for                  |
  /` /   .'       '.        , |        | personal and societal growth, should |
 /  /   /           \   ;   | |        |   any less effort be spent to make   |
|  \  |            |  .|   | |         |              computing               |
  \  `"|           /.-' |   | |        |        a part of our lives?"         |
   '-..-\       _.;.._  |   |.;-.      |  -- Alan Kay, "Computer Software",   |
         \    <`.._  )) |  .;-. ))     | Scientific American, September 1984  |
         (__.  `  ))-'  \_    ))'      +--------------------------------------+
             `'--"`       `"""`                                                