                          _            +--------------------------------------+
                        ,:'/   _..._   |   You had some happiness once, but   |
                       // ( `""-.._.'  | your parents moved away, and you had |
                       \| /    6\___  /|                  to                  |
                       |     6      4  |           leave it behind.           |
                       |            /  +--------------------------------------+
                       \_       .--'                                           
                       (_'---'`)                                               
                       / `'---`()                                              
                     ,'        |                                               
     ,            .'`          |                                               
     )\       _.-'             ;                                               
    / |    .'`   _            /                                                
  /` /   .'       '.        , |                                                
 /  /   /           \   ;   | |                                                
|  \  |            |  .|   | |                                                 
  \  `"|           /.-' |   | |                                                
   '-..-\       _.;.._  |   |.;-.                                              
         \    <`.._  )) |  .;-. ))                                             
         (__.  `  ))-'  \_    ))'                                              
             `'--"`       `"""`                                                