                          _            +--------------------------------------+
                        ,:'/   _..._   | Like my parents, I have never been a |
                       // ( `""-.._.'  | regular church member or churchgoer. |
                       \| /    6\___  /| It doesn't seem plausible to me that |
                       |     6      4  | there is the kind of God who watches |
                       |            /  |    over human affairs, listens to    |
                       \_       .--'   |  prayers, and tries to guide people  |
                       (_'---'`)       |              to follow               |
                       / `'---`()      |  His precepts -- there is just too   |
                     ,'        |       | much misery and cruelty for that. On |
     ,            .'`          |       |                 the                  |
     )\       _.-'             ;       |  other hand, I respect and envy the  |
    / |    .'`   _            /        |   people who get inspiration from    |
  /` /   .'       '.        , |        |                their                 |
 /  /   /           \   ;   | |        |              religions.              |
|  \  |            |  .|   | |         |          -- Benjamin Spock           |
  \  `"|           /.-' |   | |        +--------------------------------------+
   '-..-\       _.;.._  |   |.;-.                                              
         \    <`.._  )) |  .;-. ))                                             
         (__.  `  ))-'  \_    ))'                                              
             `'--"`       `"""`                                                