                          _            +--------------------------------------+
                        ,:'/   _..._   |   Plumbing is one of the easier of   |
                       // ( `""-.._.'  |      do-it-yourself activities,      |
                       \| /    6\___  /|  requiring only a few simple tools   |
                       |     6      4  | and a willingness to stick your arm  |
                       |            /  |                into a                |
                       \_       .--'   |   clogged toilet. In fact, you can   |
                       (_'---'`)       |  solve many home plumbing problems,  |
                       / `'---`()      |               such as                |
                     ,'        |       |   annoying faucet drip, merely by    |
     ,            .'`          |       | turning up the radio. But before we  |
     )\       _.-'             ;       |                 get                  |
    / |    .'`   _            /        | into specific techniques, let's look |
  /` /   .'       '.        , |        |        at how plumbing works.        |
 /  /   /           \   ;   | |        | A plumbing system is very much like  |
|  \  |            |  .|   | |         |    your electrical system, except    |
  \  `"|           /.-' |   | |        | that instead of electricity, it has  |
   '-..-\       _.;.._  |   |.;-.      | water, and instead of wires, it has  |
         \    <`.._  )) |  .;-. ))     |   pipes, and instead of radios and   |
         (__.  `  ))-'  \_    ))'      |   waffle irons, it has faucets and   |
             `'--"`       `"""`        |               toilets.               |
                                       |  So the truth is that your plumbing  |
                                       | systems is nothing at all like your  |
                                       |  electrical system, which is good,   |
                                       |  because electricity can kill you.   |
                                       |  -- Dave Barry, "The Taming of the   |
                                       |                Screw"                |
                                       +--------------------------------------+