                          _            +--------------------------------------+
                        ,:'/   _..._   | Were it not for the presence of the  |
                       // ( `""-.._.'  | unwashed and the half-educated, the  |
                       \| /    6\___  /| formless, queer and incomplete, the  |
                       |     6      4  |     unreasonable and absurd, the     |
                       |            /  |               infinite               |
                       \_       .--'   |    shapes of the delightful human    |
                       (_'---'`)       | tadpole, the horizon would not wear  |
                       / `'---`()      |               so wide                |
                     ,'        |       |               a grin.                |
     ,            .'`          |       |      -- F.M. Colby, "Imaginary       |
     )\       _.-'             ;       |             Obligations"             |
    / |    .'`   _            /        +--------------------------------------+
  /` /   .'       '.        , |                                                
 /  /   /           \   ;   | |                                                
|  \  |            |  .|   | |                                                 
  \  `"|           /.-' |   | |                                                
   '-..-\       _.;.._  |   |.;-.                                              
         \    <`.._  )) |  .;-. ))                                             
         (__.  `  ))-'  \_    ))'                                              
             `'--"`       `"""`                                                