                          _            +--------------------------------------+
                        ,:'/   _..._   |    James Joyce -- an essentially     |
                       // ( `""-.._.'  |   private man who wished his total   |
                       \| /    6\___  /| indifference to public notice to be  |
                       |     6      4  |       universally recognized.        |
                       |            /  |           -- Tom Stoppard            |
                       \_       .--'   +--------------------------------------+
                       (_'---'`)                                               
                       / `'---`()                                              
                     ,'        |                                               
     ,            .'`          |                                               
     )\       _.-'             ;                                               
    / |    .'`   _            /                                                
  /` /   .'       '.        , |                                                
 /  /   /           \   ;   | |                                                
|  \  |            |  .|   | |                                                 
  \  `"|           /.-' |   | |                                                
   '-..-\       _.;.._  |   |.;-.                                              
         \    <`.._  )) |  .;-. ))                                             
         (__.  `  ))-'  \_    ))'                                              
             `'--"`       `"""`                                                