                          _            +--------------------------------------+
                        ,:'/   _..._   |   Never tell. Not if you love your   |
                       // ( `""-.._.'  |  wife ... In fact, if your old lady  |
                       \| /    6\___  /|                walks                 |
                       |     6      4  | in on you, deny it. Yeah. Just flat  |
                       |            /  |   out and she'll believe it: "I'm    |
                       \_       .--'   |     tellin' ya. This chick came      |
                       (_'---'`)       |  downstairs with a sign around her   |
                       / `'---`()      |              neck `Lay               |
                     ,'        |       | On Top Of Me Or I'll Die'. I didn't  |
     ,            .'`          |       |     know what I was gonna do..."     |
     )\       _.-'             ;       |            -- Lenny Bruce            |
    / |    .'`   _            /        +--------------------------------------+
  /` /   .'       '.        , |                                                
 /  /   /           \   ;   | |                                                
|  \  |            |  .|   | |                                                 
  \  `"|           /.-' |   | |                                                
   '-..-\       _.;.._  |   |.;-.                                              
         \    <`.._  )) |  .;-. ))                                             
         (__.  `  ))-'  \_    ))'                                              
             `'--"`       `"""`                                                