                          _            +--------------------------------------+
                        ,:'/   _..._   |   Americans' greatest fear is that   |
                       // ( `""-.._.'  | America will turn out to have been a |
                       \| /    6\___  /|   phenomenon, not a civilization.    |
                       |     6      4  |   -- Shirley Hazzard, "Transit of    |
                       |            /  |                Venus"                |
                       \_       .--'   +--------------------------------------+
                       (_'---'`)                                               
                       / `'---`()                                              
                     ,'        |                                               
     ,            .'`          |                                               
     )\       _.-'             ;                                               
    / |    .'`   _            /                                                
  /` /   .'       '.        , |                                                
 /  /   /           \   ;   | |                                                
|  \  |            |  .|   | |                                                 
  \  `"|           /.-' |   | |                                                
   '-..-\       _.;.._  |   |.;-.                                              
         \    <`.._  )) |  .;-. ))                                             
         (__.  `  ))-'  \_    ))'                                              
             `'--"`       `"""`                                                