                          _            +--------------------------------------+
                        ,:'/   _..._   |  Remember that whatever misfortune   |
                       // ( `""-.._.'  |  may be your lot, it could only be   |
                       \| /    6\___  /|         worse in Cleveland.          |
                       |     6      4  |  -- National Lampoon, "Deteriorata"  |
                       |            /  +--------------------------------------+
                       \_       .--'                                           
                       (_'---'`)                                               
                       / `'---`()                                              
                     ,'        |                                               
     ,            .'`          |                                               
     )\       _.-'             ;                                               
    / |    .'`   _            /                                                
  /` /   .'       '.        , |                                                
 /  /   /           \   ;   | |                                                
|  \  |            |  .|   | |                                                 
  \  `"|           /.-' |   | |                                                
   '-..-\       _.;.._  |   |.;-.                                              
         \    <`.._  )) |  .;-. ))                                             
         (__.  `  ))-'  \_    ))'                                              
             `'--"`       `"""`                                                