                          _            +--------------------------------------+
                        ,:'/   _..._   |      Ever notice that the word       |
                       // ( `""-.._.'  |  "therapist" breaks down into "the   |
                       \| /    6\___  /|               rapist"?               |
                       |     6      4  |         Simple coincidence?          |
                       |            /  |               Maybe...               |
                       \_       .--'   +--------------------------------------+
                       (_'---'`)                                               
                       / `'---`()                                              
                     ,'        |                                               
     ,            .'`          |                                               
     )\       _.-'             ;                                               
    / |    .'`   _            /                                                
  /` /   .'       '.        , |                                                
 /  /   /           \   ;   | |                                                
|  \  |            |  .|   | |                                                 
  \  `"|           /.-' |   | |                                                
   '-..-\       _.;.._  |   |.;-.                                              
         \    <`.._  )) |  .;-. ))                                             
         (__.  `  ))-'  \_    ))'                                              
             `'--"`       `"""`                                                