                          _            +--------------------------------------+
                        ,:'/   _..._   |    "I don't know why, but first C    |
                       // ( `""-.._.'  |  programs tend to look a lot worse   |
                       \| /    6\___  /|                 than                 |
                       |     6      4  | first programs in any other language |
                       |            /  | (maybe except for fortran, but then  |
                       \_       .--'   | I suspect all fortran programs look  |
                       (_'---'`)       |           like `firsts')"            |
                       / `'---`()      |           (By Olaf Kirch)            |
                     ,'        |       +--------------------------------------+
     ,            .'`          |                                               
     )\       _.-'             ;                                               
    / |    .'`   _            /                                                
  /` /   .'       '.        , |                                                
 /  /   /           \   ;   | |                                                
|  \  |            |  .|   | |                                                 
  \  `"|           /.-' |   | |                                                
   '-..-\       _.;.._  |   |.;-.                                              
         \    <`.._  )) |  .;-. ))                                             
         (__.  `  ))-'  \_    ))'                                              
             `'--"`       `"""`                                                