                          _            +--------------------------------------+
                        ,:'/   _..._   | What is important is food, money and |
                       // ( `""-.._.'  | opportunities for scoring off one's  |
                       \| /    6\___  /|   enemies. Give a man these three    |
                       |     6      4  |    things and you won't hear much    |
                       |            /  |              squawking               |
                       \_       .--'   |             out of him.              |
                       (_'---'`)       |    -- Brian O'Nolan, "The Best of    |
                       / `'---`()      |                Myles"                |
                     ,'        |       +--------------------------------------+
     ,            .'`          |                                               
     )\       _.-'             ;                                               
    / |    .'`   _            /                                                
  /` /   .'       '.        , |                                                
 /  /   /           \   ;   | |                                                
|  \  |            |  .|   | |                                                 
  \  `"|           /.-' |   | |                                                
   '-..-\       _.;.._  |   |.;-.                                              
         \    <`.._  )) |  .;-. ))                                             
         (__.  `  ))-'  \_    ))'                                              
             `'--"`       `"""`                                                