                          _            +--------------------------------------+
                        ,:'/   _..._   |  One thought driven home is better   |
                       // ( `""-.._.'  |       than three left on base.       |
                       \| /    6\___  /+--------------------------------------+
                       |     6      4                                          
                       |            /                                          
                       \_       .--'                                           
                       (_'---'`)                                               
                       / `'---`()                                              
                     ,'        |                                               
     ,            .'`          |                                               
     )\       _.-'             ;                                               
    / |    .'`   _            /                                                
  /` /   .'       '.        , |                                                
 /  /   /           \   ;   | |                                                
|  \  |            |  .|   | |                                                 
  \  `"|           /.-' |   | |                                                
   '-..-\       _.;.._  |   |.;-.                                              
         \    <`.._  )) |  .;-. ))                                             
         (__.  `  ))-'  \_    ))'                                              
             `'--"`       `"""`                                                