                          _            +--------------------------------------+
                        ,:'/   _..._   |   Computers will not be perfected    |
                       // ( `""-.._.'  | until they can compute how much more |
                       \| /    6\___  /| than the estimate the job will cost. |
                       |     6      4  +--------------------------------------+
                       |            /                                          
                       \_       .--'                                           
                       (_'---'`)                                               
                       / `'---`()                                              
                     ,'        |                                               
     ,            .'`          |                                               
     )\       _.-'             ;                                               
    / |    .'`   _            /                                                
  /` /   .'       '.        , |                                                
 /  /   /           \   ;   | |                                                
|  \  |            |  .|   | |                                                 
  \  `"|           /.-' |   | |                                                
   '-..-\       _.;.._  |   |.;-.                                              
         \    <`.._  )) |  .;-. ))                                             
         (__.  `  ))-'  \_    ))'                                              
             `'--"`       `"""`                                                