                          _            +--------------------------------------+
                        ,:'/   _..._   |       Official Project Stages:       |
                       // ( `""-.._.'  |      (1) Uncritical Acceptance       |
                       \| /    6\___  /|         (2) Wild Enthusiasm          |
                       |     6      4  |     (3) Dejected Disillusionment     |
                       |            /  |         (4) Total Confusion          |
                       \_       .--'   |      (5) Search for the Guilty       |
                       (_'---'`)       |    (6) Punishment of the Innocent    |
                       / `'---`()      |         (7) Promotion of the         |
                     ,'        |       |           Non-participants           |
     ,            .'`          |       +--------------------------------------+
     )\       _.-'             ;                                               
    / |    .'`   _            /                                                
  /` /   .'       '.        , |                                                
 /  /   /           \   ;   | |                                                
|  \  |            |  .|   | |                                                 
  \  `"|           /.-' |   | |                                                
   '-..-\       _.;.._  |   |.;-.                                              
         \    <`.._  )) |  .;-. ))                                             
         (__.  `  ))-'  \_    ))'                                              
             `'--"`       `"""`                                                