                          _            +--------------------------------------+
                        ,:'/   _..._   |       Nothing is rich but the        |
                       // ( `""-.._.'  |   inexhaustible wealth of nature.    |
                       \| /    6\___  /| She shows us only surfaces, but she  |
                       |     6      4  |      is a million fathoms deep.      |
                       |            /  |        -- Ralph Waldo Emerson        |
                       \_       .--'   +--------------------------------------+
                       (_'---'`)                                               
                       / `'---`()                                              
                     ,'        |                                               
     ,            .'`          |                                               
     )\       _.-'             ;                                               
    / |    .'`   _            /                                                
  /` /   .'       '.        , |                                                
 /  /   /           \   ;   | |                                                
|  \  |            |  .|   | |                                                 
  \  `"|           /.-' |   | |                                                
   '-..-\       _.;.._  |   |.;-.                                              
         \    <`.._  )) |  .;-. ))                                             
         (__.  `  ))-'  \_    ))'                                              
             `'--"`       `"""`                                                