                          _            +--------------------------------------+
                        ,:'/   _..._   |  Producers seem to be so prejudiced  |
                       // ( `""-.._.'  |     against actors who've had no     |
                       \| /    6\___  /|              training.               |
                       |     6      4  |   And there's no reason for it. So   |
                       |            /  |  what if I didn't attend the Royal   |
                       \_       .--'   |               Academy                |
                       (_'---'`)       |    for twelve years? I'm still a     |
                       / `'---`()      |  professional trying to be the best  |
                     ,'        |       |               actress                |
     ,            .'`          |       |  I can. Why doesn't anyone send me   |
     )\       _.-'             ;       | the scripts that Faye Dunaway gets?  |
    / |    .'`   _            /        |       -- Farrah Fawcett-Majors       |
  /` /   .'       '.        , |        +--------------------------------------+
 /  /   /           \   ;   | |                                                
|  \  |            |  .|   | |                                                 
  \  `"|           /.-' |   | |                                                
   '-..-\       _.;.._  |   |.;-.                                              
         \    <`.._  )) |  .;-. ))                                             
         (__.  `  ))-'  \_    ))'                                              
             `'--"`       `"""`                                                